<?xml version="1.0" encoding="UTF-8"?>
<!-- Generated by org.testng.reporters.JUnitReportReporter -->
<testsuite hostname="DESKTOP-UBHH3JU" failures="0" tests="1" name="jenkins.jenkin" time="0.018" errors="0" timestamp="20 Dec 2022 09:18:45 GMT">
  <testcase classname="jenkins.jenkin" name="Test" time="0.018"/>
</testsuite> <!-- jenkins.jenkin -->
